<?xml version="1.0" encoding="UTF-8"?>
<!-- Generated by org.testng.reporters.JUnitReportReporter -->
<testsuite ignored="0" hostname="Manishs-MacBook-Pro.local" failures="0" tests="1" name="com.qa.test.GetApiTest" time="1.042" errors="0" timestamp="04 Sep 2018 16:20:26 GMT" skipped="0">
  <testcase classname="com.qa.test.GetApiTest" name="getApiTest" time="1.042"/>
</testsuite> <!-- com.qa.test.GetApiTest -->
